Using pre-set license
Built from '2020.3/staging' branch; Version is '2020.3.5f1 (8095aa901b9b) revision 8426922'; Using compiler version '192528614'; Build Type 'Release'
OS: 'Windows 10 Pro; OS build 18363.959; Version 1909; 64bit' Language: 'en' Physical Memory: 8144 MB
BatchMode: 1, IsHumanControllingUs: 0, StartBugReporterOnCrash: 0, Is64bit: 1, IsPro: 0

 COMMAND LINE ARGUMENTS:
C:\Program Files\Unity\Hub\Editor\2020.3.5f1\Editor\Unity.exe
-adb2
-batchMode
-noUpm
-name
AssetImportWorker0
-projectPath
D:/DProgramming/DGameDesign/Calamity/repo/calamity/Calamity
-logFile
Logs/AssetImportWorker0.log
-srvPort
50942
Successfully changed project path to: D:/DProgramming/DGameDesign/Calamity/repo/calamity/Calamity
D:/DProgramming/DGameDesign/Calamity/repo/calamity/Calamity
Using Asset Import Pipeline V2.
Refreshing native plugins compatible for Editor in 28.39 ms, found 0 plugins.
Preloading 0 native plugins for Editor in 0.00 ms.
Initialize engine version: 2020.3.5f1 (8095aa901b9b)
[Subsystems] Discovering subsystems at path C:/Program Files/Unity/Hub/Editor/2020.3.5f1/Editor/Data/Resources/UnitySubsystems
[Subsystems] Discovering subsystems at path D:/DProgramming/DGameDesign/Calamity/repo/calamity/Calamity/Assets
GfxDevice: creating device client; threaded=0
Direct3D:
    Version:  Direct3D 11.0 [level 11.1]
    Renderer: NVIDIA GeForce GTX 1060 6GB (ID=0x1c03)
    Vendor:   
    VRAM:     6052 MB
    Driver:   26.21.14.3200
Initialize mono
Mono path[0] = 'C:/Program Files/Unity/Hub/Editor/2020.3.5f1/Editor/Data/Managed'
Mono path[1] = 'C:/Program Files/Unity/Hub/Editor/2020.3.5f1/Editor/Data/MonoBleedingEdge/lib/mono/unityjit'
Mono config path = 'C:/Program Files/Unity/Hub/Editor/2020.3.5f1/Editor/Data/MonoBleedingEdge/etc'
Using monoOptions --debugger-agent=transport=dt_socket,embedding=1,server=y,suspend=n,address=127.0.0.1:56528
Begin MonoManager ReloadAssembly
Registering precompiled unity dll's ...
Register platform support module: C:/Program Files/Unity/Hub/Editor/2020.3.5f1/Editor/Data/PlaybackEngines/WindowsStandaloneSupport/UnityEditor.WindowsStandalone.Extensions.dll
Registered in 0.003497 seconds.
Native extension for WindowsStandalone target not found
Refreshing native plugins compatible for Editor in 29.36 ms, found 0 plugins.
Preloading 0 native plugins for Editor in 0.00 ms.
Mono: successfully reloaded assembly
- Completed reload, in  3.419 seconds
Platform modules already initialized, skipping
Registering precompiled user dll's ...
Registered in 0.000572 seconds.
Begin MonoManager ReloadAssembly
Native extension for WindowsStandalone target not found
Refreshing native plugins compatible for Editor in 0.26 ms, found 0 plugins.
Preloading 0 native plugins for Editor in 0.00 ms.
Mono: successfully reloaded assembly
- Completed reload, in  0.998 seconds
Platform modules already initialized, skipping
========================================================================
Worker process is ready to serve import requests
Launched and connected shader compiler UnityShaderCompiler.exe after 0.05 seconds
Refreshing native plugins compatible for Editor in 0.33 ms, found 0 plugins.
Preloading 0 native plugins for Editor in 0.00 ms.
Unloading 1149 Unused Serialized files (Serialized files now loaded: 0)
System memory in use before: 60.0 MB.
System memory in use after: 60.1 MB.

Unloading 9 unused Assets to reduce memory usage. Loaded Objects now: 1597.
Total: 2.020400 ms (FindLiveObjects: 0.172400 ms CreateObjectMapping: 0.036300 ms MarkObjects: 1.726500 ms  DeleteObjects: 0.083900 ms)

========================================================================
Received Import Request.
  path: Assets/Scripts/LevelController.cs
  artifactKey: Guid(49d172c211feced4492634e9a9963473) Importer(815301076,1909f56bfc062723c751e8b465ee728b)
Start importing Assets/Scripts/LevelController.cs using Guid(49d172c211feced4492634e9a9963473) Importer(815301076,1909f56bfc062723c751e8b465ee728b)  -> (artifact id: '5386c5ad9cfccb768cc072031f9f0374') in 0.036362 seconds
  Import took 0.039019 seconds .

========================================================================
Received Prepare
Registering precompiled user dll's ...
Registered in 0.000603 seconds.
Begin MonoManager ReloadAssembly
Native extension for WindowsStandalone target not found
Refreshing native plugins compatible for Editor in 0.28 ms, found 0 plugins.
Preloading 0 native plugins for Editor in 0.00 ms.
Mono: successfully reloaded assembly
- Completed reload, in  1.024 seconds
Platform modules already initialized, skipping
Refreshing native plugins compatible for Editor in 0.27 ms, found 0 plugins.
Preloading 0 native plugins for Editor in 0.00 ms.
Unloading 1131 Unused Serialized files (Serialized files now loaded: 0)
System memory in use before: 58.7 MB.
System memory in use after: 58.8 MB.

Unloading 4 unused Assets to reduce memory usage. Loaded Objects now: 1600.
Total: 1.768300 ms (FindLiveObjects: 0.170000 ms CreateObjectMapping: 0.033300 ms MarkObjects: 1.525200 ms  DeleteObjects: 0.038700 ms)

========================================================================
Received Import Request.
  Time since last request: 127.097542 seconds.
  path: Assets/Images/Textures/ReflectingTheLava_512x512 1.png
  artifactKey: Guid(4a126281602c8ca42b3b5bb553ef83cf) Importer(815301076,1909f56bfc062723c751e8b465ee728b)
Start importing Assets/Images/Textures/ReflectingTheLava_512x512 1.png using Guid(4a126281602c8ca42b3b5bb553ef83cf) Importer(815301076,1909f56bfc062723c751e8b465ee728b)  -> (artifact id: 'abfb441af876aee060346cfe969887e8') in 0.082687 seconds
  Import took 0.085668 seconds .

========================================================================
Received Import Request.
  Time since last request: 9.113848 seconds.
  path: Assets/Images/Textures/ReflectingTheLava_512x512 1.png
  artifactKey: Guid(4a126281602c8ca42b3b5bb553ef83cf) Importer(815301076,1909f56bfc062723c751e8b465ee728b)
Start importing Assets/Images/Textures/ReflectingTheLava_512x512 1.png using Guid(4a126281602c8ca42b3b5bb553ef83cf) Importer(815301076,1909f56bfc062723c751e8b465ee728b)  -> (artifact id: '69fc51f49ffb1d4dfacc9e2dce05e304') in 0.046426 seconds
  Import took 0.050062 seconds .

========================================================================
Received Import Request.
  Time since last request: 14.801021 seconds.
  path: Assets/Animations/Mixamo/Ch44_nonPBR@Sprint.fbm/Ch44_1001_Diffuse.png
  artifactKey: Guid(8e1d5280a71b0e04a85b08a390b95ae1) Importer(815301076,1909f56bfc062723c751e8b465ee728b)
Start importing Assets/Animations/Mixamo/Ch44_nonPBR@Sprint.fbm/Ch44_1001_Diffuse.png using Guid(8e1d5280a71b0e04a85b08a390b95ae1) Importer(815301076,1909f56bfc062723c751e8b465ee728b)  -> (artifact id: 'a4c58990f9feaaf73c240b4ac20c91f7') in 0.052208 seconds
  Import took 0.055197 seconds .

========================================================================
Received Import Request.
  Time since last request: 0.000291 seconds.
  path: Assets/Animations/Mixamo/Ch44_nonPBR@Sprint.fbm/Ch44_1002_Specular.png
  artifactKey: Guid(dfc0d59501810a7478c67f1b7344a51a) Importer(815301076,1909f56bfc062723c751e8b465ee728b)
Start importing Assets/Animations/Mixamo/Ch44_nonPBR@Sprint.fbm/Ch44_1002_Specular.png using Guid(dfc0d59501810a7478c67f1b7344a51a) Importer(815301076,1909f56bfc062723c751e8b465ee728b)  -> (artifact id: 'ddf703a515d35077ed6f6275f2a9debc') in 0.013789 seconds
  Import took 0.016498 seconds .

========================================================================
Received Import Request.
  Time since last request: 0.000306 seconds.
  path: Assets/Animations/Mixamo/Ch44_nonPBR@Sprint.fbm/Ch44_1002_Emissive.png
  artifactKey: Guid(2245c2391f3482a428d16f78ace050f2) Importer(815301076,1909f56bfc062723c751e8b465ee728b)
Start importing Assets/Animations/Mixamo/Ch44_nonPBR@Sprint.fbm/Ch44_1002_Emissive.png using Guid(2245c2391f3482a428d16f78ace050f2) Importer(815301076,1909f56bfc062723c751e8b465ee728b)  -> (artifact id: '6f6b07467dbcce593b7e8a97a90f1d22') in 0.011727 seconds
  Import took 0.014236 seconds .

========================================================================
Received Import Request.
  Time since last request: 0.000328 seconds.
  path: Assets/Animations/Mixamo/Ch44_nonPBR@Sprint.fbm/Ch44_1001_Specular.png
  artifactKey: Guid(c44dad3b632df4e43bf92be2fce400cc) Importer(815301076,1909f56bfc062723c751e8b465ee728b)
Start importing Assets/Animations/Mixamo/Ch44_nonPBR@Sprint.fbm/Ch44_1001_Specular.png using Guid(c44dad3b632df4e43bf92be2fce400cc) Importer(815301076,1909f56bfc062723c751e8b465ee728b)  -> (artifact id: '1709d4385a5e73eeabec7fcdca967a7b') in 0.015129 seconds
  Import took 0.017902 seconds .

========================================================================
Received Import Request.
  Time since last request: 0.000290 seconds.
  path: Assets/Animations/Mixamo/Ch44_nonPBR@Sprint.fbm/Ch44_1001_Glossiness.png
  artifactKey: Guid(75ed7db31e810e44a98b283db809aff3) Importer(815301076,1909f56bfc062723c751e8b465ee728b)
Start importing Assets/Animations/Mixamo/Ch44_nonPBR@Sprint.fbm/Ch44_1001_Glossiness.png using Guid(75ed7db31e810e44a98b283db809aff3) Importer(815301076,1909f56bfc062723c751e8b465ee728b)  -> (artifact id: 'e475744a842e91a9ee9aacf09f1282ce') in 0.014040 seconds
  Import took 0.016780 seconds .

========================================================================
Received Import Request.
  Time since last request: 0.000287 seconds.
  path: Assets/Images/UI/EscMenu/esc_game_menu_frame_5px.png
  artifactKey: Guid(161b7fd904c6caf48bc2a49c26c0202c) Importer(815301076,1909f56bfc062723c751e8b465ee728b)
Start importing Assets/Images/UI/EscMenu/esc_game_menu_frame_5px.png using Guid(161b7fd904c6caf48bc2a49c26c0202c) Importer(815301076,1909f56bfc062723c751e8b465ee728b)  -> (artifact id: '082507c140569411b9d9e7a70dca574d') in 0.041885 seconds
  Import took 0.044394 seconds .

========================================================================
Received Import Request.
  Time since last request: 0.000263 seconds.
  path: Assets/Animations/Mixamo/Ch44_nonPBR@Sprint.fbm/Ch44_1001_Normal.png
  artifactKey: Guid(260e553eea8497746b1092e5db0e916e) Importer(815301076,1909f56bfc062723c751e8b465ee728b)
Start importing Assets/Animations/Mixamo/Ch44_nonPBR@Sprint.fbm/Ch44_1001_Normal.png using Guid(260e553eea8497746b1092e5db0e916e) Importer(815301076,1909f56bfc062723c751e8b465ee728b)  -> (artifact id: '5b4eaab6d37c91d9d6617a6b5b52189d') in 0.064368 seconds
  Import took 0.066969 seconds .

========================================================================
Received Import Request.
  Time since last request: 0.000274 seconds.
  path: Assets/TextMesh Pro/Sprites/EmojiOne.png
  artifactKey: Guid(dffef66376be4fa480fb02b19edbe903) Importer(815301076,1909f56bfc062723c751e8b465ee728b)
Start importing Assets/TextMesh Pro/Sprites/EmojiOne.png using Guid(dffef66376be4fa480fb02b19edbe903) Importer(815301076,1909f56bfc062723c751e8b465ee728b)  -> (artifact id: 'ebf1f00e8f38a53d0e10344bf192349d') in 0.009169 seconds
  Import took 0.011961 seconds .

========================================================================
Received Import Request.
  Time since last request: 0.000324 seconds.
  path: Assets/TextMesh Pro/Resources/Fonts & Materials/LiberationSans SDF - Fallback.asset
  artifactKey: Guid(2e498d1c8094910479dc3e1b768306a4) Importer(815301076,1909f56bfc062723c751e8b465ee728b)
Start importing Assets/TextMesh Pro/Resources/Fonts & Materials/LiberationSans SDF - Fallback.asset using Guid(2e498d1c8094910479dc3e1b768306a4) Importer(815301076,1909f56bfc062723c751e8b465ee728b)  -> (artifact id: 'a68ff2956456a13c7360456b995fef68') in 0.099438 seconds
  Import took 0.103134 seconds .

========================================================================
Received Import Request.
  Time since last request: 0.000319 seconds.
  path: Assets/Images/UI/EscMenu/sound_setting_slider_knob.png
  artifactKey: Guid(9edf8bed47843be4d97c348901a4ca93) Importer(815301076,1909f56bfc062723c751e8b465ee728b)
Start importing Assets/Images/UI/EscMenu/sound_setting_slider_knob.png using Guid(9edf8bed47843be4d97c348901a4ca93) Importer(815301076,1909f56bfc062723c751e8b465ee728b)  -> (artifact id: '2b862b9e74676e3cdd786655d7086886') in 0.011784 seconds
  Import took 0.014680 seconds .

========================================================================
Received Import Request.
  Time since last request: 0.000371 seconds.
  path: Assets/TextMesh Pro/Resources/Fonts & Materials/LiberationSans SDF - Fallback.asset
  artifactKey: Guid(2e498d1c8094910479dc3e1b768306a4) Importer(815301076,1909f56bfc062723c751e8b465ee728b)
Start importing Assets/TextMesh Pro/Resources/Fonts & Materials/LiberationSans SDF - Fallback.asset using Guid(2e498d1c8094910479dc3e1b768306a4) Importer(815301076,1909f56bfc062723c751e8b465ee728b)  -> (artifact id: 'a68ff2956456a13c7360456b995fef68') in 0.011947 seconds
  Import took 0.015153 seconds .

========================================================================
Received Import Request.
  Time since last request: 0.000412 seconds.
  path: Assets/Images/UI/EscMenu/esc_menu_button_sliced.png
  artifactKey: Guid(c27a6f110118127409ccfbd1c3441f3f) Importer(815301076,1909f56bfc062723c751e8b465ee728b)
Start importing Assets/Images/UI/EscMenu/esc_menu_button_sliced.png using Guid(c27a6f110118127409ccfbd1c3441f3f) Importer(815301076,1909f56bfc062723c751e8b465ee728b)  -> (artifact id: '52f6ceba2c42b9efb2e10bf48ff3e743') in 0.010718 seconds
  Import took 0.013320 seconds .

========================================================================
Received Import Request.
  Time since last request: 0.000349 seconds.
  path: Assets/Animations/Mixamo/Ch44_nonPBR@Sprint.fbm/Ch44_1001_Emissive.png
  artifactKey: Guid(56b9ef151663c904199290b3386ec32f) Importer(815301076,1909f56bfc062723c751e8b465ee728b)
Start importing Assets/Animations/Mixamo/Ch44_nonPBR@Sprint.fbm/Ch44_1001_Emissive.png using Guid(56b9ef151663c904199290b3386ec32f) Importer(815301076,1909f56bfc062723c751e8b465ee728b)  -> (artifact id: '489b2de777f20b86ed0bb1173bbd64b3') in 0.011333 seconds
  Import took 0.014139 seconds .

========================================================================
Received Import Request.
  Time since last request: 0.000265 seconds.
  path: Assets/TextMesh Pro/Resources/Fonts & Materials/LiberationSans SDF.asset
  artifactKey: Guid(8f586378b4e144a9851e7b34d9b748ee) Importer(815301076,1909f56bfc062723c751e8b465ee728b)
Start importing Assets/TextMesh Pro/Resources/Fonts & Materials/LiberationSans SDF.asset using Guid(8f586378b4e144a9851e7b34d9b748ee) Importer(815301076,1909f56bfc062723c751e8b465ee728b)  -> (artifact id: '8a99cc360955589cf887006e25bcd276') in 0.039536 seconds
  Import took 0.042392 seconds .

========================================================================
Received Import Request.
  Time since last request: 0.000270 seconds.
  path: Assets/Animations/Mixamo/Ch44_nonPBR@Sprint.fbm/Ch44_1002_Normal.png
  artifactKey: Guid(525c157f5ce40104da5e2c5f68059e82) Importer(815301076,1909f56bfc062723c751e8b465ee728b)
Start importing Assets/Animations/Mixamo/Ch44_nonPBR@Sprint.fbm/Ch44_1002_Normal.png using Guid(525c157f5ce40104da5e2c5f68059e82) Importer(815301076,1909f56bfc062723c751e8b465ee728b)  -> (artifact id: '5f5dce21b95f4fe3daa17b2f9f9b56a7') in 0.017533 seconds
  Import took 0.020230 seconds .

========================================================================
Received Import Request.
  Time since last request: 0.000429 seconds.
  path: Assets/Images/Basic Shapes/square.png
  artifactKey: Guid(b91db35acc200474b9e238b9bfbccf50) Importer(815301076,1909f56bfc062723c751e8b465ee728b)
Start importing Assets/Images/Basic Shapes/square.png using Guid(b91db35acc200474b9e238b9bfbccf50) Importer(815301076,1909f56bfc062723c751e8b465ee728b)  -> (artifact id: 'bd43a6d15e79302ef353757dd10482e1') in 0.012424 seconds
  Import took 0.015591 seconds .

========================================================================
Received Import Request.
  Time since last request: 0.000239 seconds.
  path: Assets/Animations/Mixamo/Ch44_nonPBR@Sprint.fbm/Ch44_1002_Diffuse.png
  artifactKey: Guid(e2f6fa59459ba664e969c5cd750380b7) Importer(815301076,1909f56bfc062723c751e8b465ee728b)
Start importing Assets/Animations/Mixamo/Ch44_nonPBR@Sprint.fbm/Ch44_1002_Diffuse.png using Guid(e2f6fa59459ba664e969c5cd750380b7) Importer(815301076,1909f56bfc062723c751e8b465ee728b)  -> (artifact id: '97e2c6958ac9e991b7cb8534dd4a456a') in 0.012271 seconds
  Import took 0.015135 seconds .

========================================================================
Received Import Request.
  Time since last request: 0.000269 seconds.
  path: Assets/Animations/Mixamo/Ch44_nonPBR@Sprint.fbm/Ch44_1002_Glossiness.png
  artifactKey: Guid(0b41d920d0d49e244a48fd40b41c932b) Importer(815301076,1909f56bfc062723c751e8b465ee728b)
Start importing Assets/Animations/Mixamo/Ch44_nonPBR@Sprint.fbm/Ch44_1002_Glossiness.png using Guid(0b41d920d0d49e244a48fd40b41c932b) Importer(815301076,1909f56bfc062723c751e8b465ee728b)  -> (artifact id: '66908f17e4dcc89f66373f1874bb7cad') in 0.013218 seconds
  Import took 0.015660 seconds .

========================================================================
Received Import Request.
  Time since last request: 0.000269 seconds.
  path: Assets/Images/UI/EscMenu/checkmark_50x50.png
  artifactKey: Guid(e0453f06edf217a459b7ef9433d8085d) Importer(815301076,1909f56bfc062723c751e8b465ee728b)
Start importing Assets/Images/UI/EscMenu/checkmark_50x50.png using Guid(e0453f06edf217a459b7ef9433d8085d) Importer(815301076,1909f56bfc062723c751e8b465ee728b)  -> (artifact id: '93f8db5cdbbb9e33e80b5c4b9b983f30') in 0.010838 seconds
  Import took 0.014130 seconds .

========================================================================
Received Prepare
Registering precompiled user dll's ...
Registered in 0.001127 seconds.
Begin MonoManager ReloadAssembly
Native extension for WindowsStandalone target not found
Refreshing native plugins compatible for Editor in 0.27 ms, found 0 plugins.
Preloading 0 native plugins for Editor in 0.00 ms.
Mono: successfully reloaded assembly
- Completed reload, in  0.975 seconds
Platform modules already initialized, skipping
Refreshing native plugins compatible for Editor in 0.50 ms, found 0 plugins.
Preloading 0 native plugins for Editor in 0.00 ms.
Unloading 1131 Unused Serialized files (Serialized files now loaded: 0)
System memory in use before: 62.1 MB.
System memory in use after: 62.2 MB.

Unloading 4 unused Assets to reduce memory usage. Loaded Objects now: 1656.
Total: 2.163100 ms (FindLiveObjects: 0.272000 ms CreateObjectMapping: 0.061100 ms MarkObjects: 1.811400 ms  DeleteObjects: 0.017300 ms)

========================================================================
Received Prepare
Registering precompiled user dll's ...
Registered in 0.000644 seconds.
Begin MonoManager ReloadAssembly
Native extension for WindowsStandalone target not found
Refreshing native plugins compatible for Editor in 0.29 ms, found 0 plugins.
Preloading 0 native plugins for Editor in 0.00 ms.
Mono: successfully reloaded assembly
- Completed reload, in  1.023 seconds
Platform modules already initialized, skipping
Refreshing native plugins compatible for Editor in 0.33 ms, found 0 plugins.
Preloading 0 native plugins for Editor in 0.00 ms.
Unloading 1131 Unused Serialized files (Serialized files now loaded: 0)
System memory in use before: 62.1 MB.
System memory in use after: 62.2 MB.

Unloading 4 unused Assets to reduce memory usage. Loaded Objects now: 1659.
Total: 2.129600 ms (FindLiveObjects: 0.180000 ms CreateObjectMapping: 0.033300 ms MarkObjects: 1.897700 ms  DeleteObjects: 0.017100 ms)

========================================================================
Received Prepare
Registering precompiled user dll's ...
Registered in 0.000884 seconds.
Begin MonoManager ReloadAssembly
Native extension for WindowsStandalone target not found
Refreshing native plugins compatible for Editor in 0.29 ms, found 0 plugins.
Preloading 0 native plugins for Editor in 0.00 ms.
Mono: successfully reloaded assembly
- Completed reload, in  0.970 seconds
Platform modules already initialized, skipping
Refreshing native plugins compatible for Editor in 0.28 ms, found 0 plugins.
Preloading 0 native plugins for Editor in 0.00 ms.
Unloading 1131 Unused Serialized files (Serialized files now loaded: 0)
System memory in use before: 62.1 MB.
System memory in use after: 62.2 MB.

Unloading 4 unused Assets to reduce memory usage. Loaded Objects now: 1662.
Total: 1.983400 ms (FindLiveObjects: 0.189300 ms CreateObjectMapping: 0.035200 ms MarkObjects: 1.734900 ms  DeleteObjects: 0.021600 ms)

========================================================================
Received Prepare
Registering precompiled user dll's ...
Registered in 0.000606 seconds.
Begin MonoManager ReloadAssembly
Native extension for WindowsStandalone target not found
Refreshing native plugins compatible for Editor in 0.28 ms, found 0 plugins.
Preloading 0 native plugins for Editor in 0.00 ms.
Mono: successfully reloaded assembly
- Completed reload, in  1.076 seconds
Platform modules already initialized, skipping
Refreshing native plugins compatible for Editor in 0.78 ms, found 0 plugins.
Preloading 0 native plugins for Editor in 0.00 ms.
Unloading 1131 Unused Serialized files (Serialized files now loaded: 0)
System memory in use before: 62.2 MB.
System memory in use after: 62.3 MB.

Unloading 4 unused Assets to reduce memory usage. Loaded Objects now: 1665.
Total: 2.336200 ms (FindLiveObjects: 0.348100 ms CreateObjectMapping: 0.156400 ms MarkObjects: 1.809600 ms  DeleteObjects: 0.020600 ms)

========================================================================
Received Import Request.
  Time since last request: 379.956175 seconds.
  path: Assets/Images/Textures/RockWall(orFloor)_normal.png
  artifactKey: Guid(e5e8b52f2a5a91e43b958c21ab6c6d50) Importer(815301076,1909f56bfc062723c751e8b465ee728b)
Start importing Assets/Images/Textures/RockWall(orFloor)_normal.png using Guid(e5e8b52f2a5a91e43b958c21ab6c6d50) Importer(815301076,1909f56bfc062723c751e8b465ee728b)  -> (artifact id: '8d6f347cdd3758baf7bab917cddde5b2') in 0.049218 seconds
  Import took 0.053294 seconds .

========================================================================
Received Import Request.
  Time since last request: 0.011247 seconds.
  path: Assets/Images/Textures/RockWall(orFloor)_normal.png
  artifactKey: Guid(e5e8b52f2a5a91e43b958c21ab6c6d50) Importer(815301076,1909f56bfc062723c751e8b465ee728b)
Start importing Assets/Images/Textures/RockWall(orFloor)_normal.png using Guid(e5e8b52f2a5a91e43b958c21ab6c6d50) Importer(815301076,1909f56bfc062723c751e8b465ee728b)  -> (artifact id: '8d6f347cdd3758baf7bab917cddde5b2') in 0.011663 seconds
  Import took 0.014212 seconds .

========================================================================
Received Import Request.
  Time since last request: 85.067157 seconds.
  path: Assets/Images/Textures/ReflectingTheLava.png
  artifactKey: Guid(60025c93436a96a4386794eb314e7405) Importer(815301076,1909f56bfc062723c751e8b465ee728b)
Start importing Assets/Images/Textures/ReflectingTheLava.png using Guid(60025c93436a96a4386794eb314e7405) Importer(815301076,1909f56bfc062723c751e8b465ee728b)  -> (artifact id: '5a9d72712ef40225a2a431e0fdaf91ca') in 0.015618 seconds
  Import took 0.018474 seconds .

========================================================================
Received Import Request.
  Time since last request: 0.000253 seconds.
  path: Assets/Images/Textures/RockWall(orFloor)_height.png
  artifactKey: Guid(b8535bfb004efbc4db2f73b81c7848af) Importer(815301076,1909f56bfc062723c751e8b465ee728b)
Start importing Assets/Images/Textures/RockWall(orFloor)_height.png using Guid(b8535bfb004efbc4db2f73b81c7848af) Importer(815301076,1909f56bfc062723c751e8b465ee728b)  -> (artifact id: '3f52543a5a130a5e87e6e09eb777598d') in 0.010424 seconds
  Import took 0.013467 seconds .

========================================================================
Received Import Request.
  Time since last request: 0.009525 seconds.
  path: Assets/Images/Textures/ReflectingTheLava.png
  artifactKey: Guid(60025c93436a96a4386794eb314e7405) Importer(815301076,1909f56bfc062723c751e8b465ee728b)
Start importing Assets/Images/Textures/ReflectingTheLava.png using Guid(60025c93436a96a4386794eb314e7405) Importer(815301076,1909f56bfc062723c751e8b465ee728b)  -> (artifact id: '5a9d72712ef40225a2a431e0fdaf91ca') in 0.010327 seconds
  Import took 0.013105 seconds .

========================================================================
Received Import Request.
  Time since last request: 87.754366 seconds.
  path: Assets/Images/Textures/RockWall(orFloor)_normal.png
  artifactKey: Guid(e5e8b52f2a5a91e43b958c21ab6c6d50) Importer(815301076,1909f56bfc062723c751e8b465ee728b)
Start importing Assets/Images/Textures/RockWall(orFloor)_normal.png using Guid(e5e8b52f2a5a91e43b958c21ab6c6d50) Importer(815301076,1909f56bfc062723c751e8b465ee728b)  -> (artifact id: '0c2c87994fb993cb2a781683eff95d81') in 0.017615 seconds
  Import took 0.020914 seconds .

========================================================================
Received Prepare
Registering precompiled user dll's ...
Registered in 0.000607 seconds.
Begin MonoManager ReloadAssembly
Native extension for WindowsStandalone target not found
Refreshing native plugins compatible for Editor in 0.26 ms, found 0 plugins.
Preloading 0 native plugins for Editor in 0.00 ms.
Mono: successfully reloaded assembly
- Completed reload, in  1.095 seconds
Platform modules already initialized, skipping
Refreshing native plugins compatible for Editor in 0.33 ms, found 0 plugins.
Preloading 0 native plugins for Editor in 0.00 ms.
Unloading 1131 Unused Serialized files (Serialized files now loaded: 0)
System memory in use before: 62.2 MB.
System memory in use after: 62.3 MB.

Unloading 4 unused Assets to reduce memory usage. Loaded Objects now: 1669.
Total: 1.918200 ms (FindLiveObjects: 0.174900 ms CreateObjectMapping: 0.039900 ms MarkObjects: 1.658800 ms  DeleteObjects: 0.043200 ms)

========================================================================
Received Prepare
Registering precompiled user dll's ...
Registered in 0.001256 seconds.
Begin MonoManager ReloadAssembly
Native extension for WindowsStandalone target not found
Refreshing native plugins compatible for Editor in 0.27 ms, found 0 plugins.
Preloading 0 native plugins for Editor in 0.00 ms.
Mono: successfully reloaded assembly
- Completed reload, in  1.011 seconds
Platform modules already initialized, skipping
Refreshing native plugins compatible for Editor in 0.27 ms, found 0 plugins.
Preloading 0 native plugins for Editor in 0.00 ms.
Unloading 1131 Unused Serialized files (Serialized files now loaded: 0)
System memory in use before: 62.2 MB.
System memory in use after: 62.3 MB.

Unloading 4 unused Assets to reduce memory usage. Loaded Objects now: 1672.
Total: 1.884100 ms (FindLiveObjects: 0.188900 ms CreateObjectMapping: 0.035500 ms MarkObjects: 1.639600 ms  DeleteObjects: 0.018600 ms)

========================================================================
Received Prepare
Registering precompiled user dll's ...
Registered in 0.000573 seconds.
Begin MonoManager ReloadAssembly
Native extension for WindowsStandalone target not found
Refreshing native plugins compatible for Editor in 0.30 ms, found 0 plugins.
Preloading 0 native plugins for Editor in 0.00 ms.
Mono: successfully reloaded assembly
- Completed reload, in  1.017 seconds
Platform modules already initialized, skipping
Refreshing native plugins compatible for Editor in 0.30 ms, found 0 plugins.
Preloading 0 native plugins for Editor in 0.00 ms.
Unloading 1131 Unused Serialized files (Serialized files now loaded: 0)
System memory in use before: 62.2 MB.
System memory in use after: 62.3 MB.

Unloading 4 unused Assets to reduce memory usage. Loaded Objects now: 1675.
Total: 2.835300 ms (FindLiveObjects: 0.293800 ms CreateObjectMapping: 0.058700 ms MarkObjects: 2.456000 ms  DeleteObjects: 0.024600 ms)

========================================================================
Received Prepare
Registering precompiled user dll's ...
Registered in 0.000611 seconds.
Begin MonoManager ReloadAssembly
Native extension for WindowsStandalone target not found
Refreshing native plugins compatible for Editor in 0.34 ms, found 0 plugins.
Preloading 0 native plugins for Editor in 0.00 ms.
Mono: successfully reloaded assembly
- Completed reload, in  0.981 seconds
Platform modules already initialized, skipping
Refreshing native plugins compatible for Editor in 0.27 ms, found 0 plugins.
Preloading 0 native plugins for Editor in 0.00 ms.
Unloading 1131 Unused Serialized files (Serialized files now loaded: 0)
System memory in use before: 62.2 MB.
System memory in use after: 62.3 MB.

Unloading 4 unused Assets to reduce memory usage. Loaded Objects now: 1678.
Total: 1.985100 ms (FindLiveObjects: 0.189800 ms CreateObjectMapping: 0.059600 ms MarkObjects: 1.718100 ms  DeleteObjects: 0.016300 ms)

========================================================================
Received Import Request.
  Time since last request: 730.499011 seconds.
  path: Assets/Models/SM_Wep_Shotgun_02.fbx
  artifactKey: Guid(13b099449d7b3b741930da91f7a12ff7) Importer(815301076,1909f56bfc062723c751e8b465ee728b)
Start importing Assets/Models/SM_Wep_Shotgun_02.fbx using Guid(13b099449d7b3b741930da91f7a12ff7) Importer(815301076,1909f56bfc062723c751e8b465ee728b)  -> (artifact id: '618674713cc8d94580c25d9dcbe3a102') in 0.220756 seconds
  Import took 0.223554 seconds .

========================================================================
Received Prepare
Registering precompiled user dll's ...
Registered in 0.000667 seconds.
Begin MonoManager ReloadAssembly
Native extension for WindowsStandalone target not found
Refreshing native plugins compatible for Editor in 0.31 ms, found 0 plugins.
Preloading 0 native plugins for Editor in 0.00 ms.
Mono: successfully reloaded assembly
- Completed reload, in  0.987 seconds
Platform modules already initialized, skipping
Refreshing native plugins compatible for Editor in 0.29 ms, found 0 plugins.
Preloading 0 native plugins for Editor in 0.00 ms.
Unloading 1131 Unused Serialized files (Serialized files now loaded: 0)
System memory in use before: 62.3 MB.
System memory in use after: 62.4 MB.

Unloading 4 unused Assets to reduce memory usage. Loaded Objects now: 1685.
Total: 2.340700 ms (FindLiveObjects: 0.410700 ms CreateObjectMapping: 0.073600 ms MarkObjects: 1.833800 ms  DeleteObjects: 0.020700 ms)

AssetImportWorkerClient::OnTransportError - code=2 error=End of file
